# JRE version: Java(TM) SE Runtime Environment (8.0_77-b03) (build 1.8.0_77-b03)
# Java VM: Java HotSpot(TM) 64-Bit Server VM (25.77-b03 mixed mode linux-amd64 compressed oops)
Heap:
 PSYoungGen      total 27648K, used 17078K [0x00000000e1980000, 0x00000000e4f80000, 0x0000000100000000)
  eden space 24064K, 70% used [0x00000000e1980000,0x00000000e2a2dbd0,0x00000000e3100000)
  from space 3584K, 0% used [0x00000000e3100000,0x00000000e3100000,0x00000000e3480000)
  to   space 3584K, 0% used [0x00000000e4c00000,0x00000000e4c00000,0x00000000e4f80000)
 ParOldGen       total 44032K, used 9738K [0x00000000a4c00000, 0x00000000a7700000, 0x00000000e1980000)
  object space 44032K, 22% used [0x00000000a4c00000,0x00000000a5582900,0x00000000a7700000)
 Metaspace       used 20710K, capacity 21508K, committed 21760K, reserved 1069056K
  class space    used 2799K, capacity 2961K, committed 3072K, reserved 1048576K
GC Heap History (8 events):
Event: 1,164 GC heap before
{Heap before GC invocations=1 (full 0):
 PSYoungGen      total 27648K, used 24064K [0x00000000e1980000, 0x00000000e3800000, 0x0000000100000000)
  eden space 24064K, 100% used [0x00000000e1980000,0x00000000e3100000,0x00000000e3100000)
  from space 3584K, 0% used [0x00000000e3480000,0x00000000e3480000,0x00000000e3800000)
  to   space 3584K, 0% used [0x00000000e3100000,0x00000000e3100000,0x00000000e3480000)
 ParOldGen       total 62976K, used 0K [0x00000000a4c00000, 0x00000000a8980000, 0x00000000e1980000)
  object space 62976K, 0% used [0x00000000a4c00000,0x00000000a4c00000,0x00000000a8980000)
 Metaspace       used 13107K, capacity 13574K, committed 13824K, reserved 1060864K
  class space    used 1839K, capacity 1942K, committed 2048K, reserved 1048576K
Event: 1,182 GC heap after
Heap after GC invocations=1 (full 0):
 PSYoungGen      total 27648K, used 3552K [0x00000000e1980000, 0x00000000e4f80000, 0x0000000100000000)
  eden space 24064K, 0% used [0x00000000e1980000,0x00000000e1980000,0x00000000e3100000)
  from space 3584K, 99% used [0x00000000e3100000,0x00000000e3478050,0x00000000e3480000)
  to   space 3584K, 0% used [0x00000000e4c00000,0x00000000e4c00000,0x00000000e4f80000)
 ParOldGen       total 62976K, used 443K [0x00000000a4c00000, 0x00000000a8980000, 0x00000000e1980000)
  object space 62976K, 0% used [0x00000000a4c00000,0x00000000a4c6eca0,0x00000000a8980000)
 Metaspace       used 13107K, capacity 13574K, committed 13824K, reserved 1060864K
  class space    used 1839K, capacity 1942K, committed 2048K, reserved 1048576K
}
Event: 9,697 GC heap before
{Heap before GC invocations=2 (full 0):
 PSYoungGen      total 27648K, used 27616K [0x00000000e1980000, 0x00000000e4f80000, 0x0000000100000000)
  eden space 24064K, 100% used [0x00000000e1980000,0x00000000e3100000,0x00000000e3100000)
  from space 3584K, 99% used [0x00000000e3100000,0x00000000e3478050,0x00000000e3480000)
  to   space 3584K, 0% used [0x00000000e4c00000,0x00000000e4c00000,0x00000000e4f80000)
 ParOldGen       total 62976K, used 443K [0x00000000a4c00000, 0x00000000a8980000, 0x00000000e1980000)
  object space 62976K, 0% used [0x00000000a4c00000,0x00000000a4c6eca0,0x00000000a8980000)
 Metaspace       used 20152K, capacity 20974K, committed 21248K, reserved 1067008K
  class space    used 2781K, capacity 2956K, committed 3072K, reserved 1048576K
Event: 9,709 GC heap after
Heap after GC invocations=2 (full 0):
 PSYoungGen      total 27648K, used 3554K [0x00000000e1980000, 0x00000000e4f80000, 0x0000000100000000)
  eden space 24064K, 0% used [0x00000000e1980000,0x00000000e1980000,0x00000000e3100000)
  from space 3584K, 99% used [0x00000000e4c00000,0x00000000e4f78aa0,0x00000000e4f80000)
  to   space 3584K, 0% used [0x00000000e3100000,0x00000000e3100000,0x00000000e3480000)
 ParOldGen       total 62976K, used 6382K [0x00000000a4c00000, 0x00000000a8980000, 0x00000000e1980000)
  object space 62976K, 10% used [0x00000000a4c00000,0x00000000a523ba98,0x00000000a8980000)
 Metaspace       used 20152K, capacity 20974K, committed 21248K, reserved 1067008K
  class space    used 2781K, capacity 2956K, committed 3072K, reserved 1048576K
}
Event: 9,755 GC heap before
{Heap before GC invocations=3 (full 0):
 PSYoungGen      total 27648K, used 4858K [0x00000000e1980000, 0x00000000e4f80000, 0x0000000100000000)
  eden space 24064K, 5% used [0x00000000e1980000,0x00000000e1ac6108,0x00000000e3100000)
  from space 3584K, 99% used [0x00000000e4c00000,0x00000000e4f78aa0,0x00000000e4f80000)
  to   space 3584K, 0% used [0x00000000e3100000,0x00000000e3100000,0x00000000e3480000)
 ParOldGen       total 62976K, used 6382K [0x00000000a4c00000, 0x00000000a8980000, 0x00000000e1980000)
  object space 62976K, 10% used [0x00000000a4c00000,0x00000000a523ba98,0x00000000a8980000)
 Metaspace       used 20295K, capacity 21054K, committed 21248K, reserved 1067008K
  class space    used 2796K, capacity 2960K, committed 3072K, reserved 1048576K
Event: 9,763 GC heap after
Heap after GC invocations=3 (full 0):
 PSYoungGen      total 27648K, used 3554K [0x00000000e1980000, 0x00000000e4f80000, 0x0000000100000000)
  eden space 24064K, 0% used [0x00000000e1980000,0x00000000e1980000,0x00000000e3100000)
  from space 3584K, 99% used [0x00000000e3100000,0x00000000e3478a60,0x00000000e3480000)
  to   space 3584K, 0% used [0x00000000e4c00000,0x00000000e4c00000,0x00000000e4f80000)
 ParOldGen       total 62976K, used 6532K [0x00000000a4c00000, 0x00000000a8980000, 0x00000000e1980000)
  object space 62976K, 10% used [0x00000000a4c00000,0x00000000a5261168,0x00000000a8980000)
 Metaspace       used 20295K, capacity 21054K, committed 21248K, reserved 1067008K
  class space    used 2796K, capacity 2960K, committed 3072K, reserved 1048576K
}
Event: 9,763 GC heap before
{Heap before GC invocations=4 (full 1):
 PSYoungGen      total 27648K, used 3554K [0x00000000e1980000, 0x00000000e4f80000, 0x0000000100000000)
  eden space 24064K, 0% used [0x00000000e1980000,0x00000000e1980000,0x00000000e3100000)
  from space 3584K, 99% used [0x00000000e3100000,0x00000000e3478a60,0x00000000e3480000)
  to   space 3584K, 0% used [0x00000000e4c00000,0x00000000e4c00000,0x00000000e4f80000)
 ParOldGen       total 62976K, used 6532K [0x00000000a4c00000, 0x00000000a8980000, 0x00000000e1980000)
  object space 62976K, 10% used [0x00000000a4c00000,0x00000000a5261168,0x00000000a8980000)
 Metaspace       used 20295K, capacity 21054K, committed 21248K, reserved 1067008K
  class space    used 2796K, capacity 2960K, committed 3072K, reserved 1048576K
Event: 9,829 GC heap after
Heap after GC invocations=4 (full 1):
 PSYoungGen      total 27648K, used 0K [0x00000000e1980000, 0x00000000e4f80000, 0x0000000100000000)
  eden space 24064K, 0% used [0x00000000e1980000,0x00000000e1980000,0x00000000e3100000)
  from space 3584K, 0% used [0x00000000e3100000,0x00000000e3100000,0x00000000e3480000)
  to   space 3584K, 0% used [0x00000000e4c00000,0x00000000e4c00000,0x00000000e4f80000)
 ParOldGen       total 44032K, used 9738K [0x00000000a4c00000, 0x00000000a7700000, 0x00000000e1980000)
  object space 44032K, 22% used [0x00000000a4c00000,0x00000000a5582900,0x00000000a7700000)
 Metaspace       used 20295K, capacity 21054K, committed 21248K, reserved 1067008K
  class space    used 2796K, capacity 2960K, committed 3072K, reserved 1048576K
}

