# JRE version: Java(TM) SE Runtime Environment (8.0_77-b03) (build 1.8.0_77-b03)
# Java VM: Java HotSpot(TM) 64-Bit Server VM (25.77-b03 mixed mode linux-amd64 compressed oops)
Heap:
 PSYoungGen      total 51712K, used 35075K [0x00000000e1980000, 0x00000000e8280000, 0x0000000100000000)
  eden space 48128K, 67% used [0x00000000e1980000,0x00000000e39506d8,0x00000000e4880000)
  from space 3584K, 69% used [0x00000000e4880000,0x00000000e4af07f8,0x00000000e4c00000)
  to   space 9216K, 0% used [0x00000000e7980000,0x00000000e7980000,0x00000000e8280000)
 ParOldGen       total 41472K, used 8910K [0x00000000a4c00000, 0x00000000a7480000, 0x00000000e1980000)
  object space 41472K, 21% used [0x00000000a4c00000,0x00000000a54b39f8,0x00000000a7480000)
 Metaspace       used 21205K, capacity 21980K, committed 22140K, reserved 1069056K
  class space    used 2783K, capacity 2967K, committed 3072K, reserved 1048576K
GC Heap History (10 events):
Event: 15,407 GC heap before
{Heap before GC invocations=2 (full 0):
 PSYoungGen      total 27648K, used 27626K [0x00000000e1980000, 0x00000000e3800000, 0x0000000100000000)
  eden space 24064K, 100% used [0x00000000e1980000,0x00000000e3100000,0x00000000e3100000)
  from space 3584K, 99% used [0x00000000e3100000,0x00000000e347a880,0x00000000e3480000)
  to   space 3584K, 0% used [0x00000000e3480000,0x00000000e3480000,0x00000000e3800000)
 ParOldGen       total 62976K, used 1884K [0x00000000a4c00000, 0x00000000a8980000, 0x00000000e1980000)
  object space 62976K, 2% used [0x00000000a4c00000,0x00000000a4dd7210,0x00000000a8980000)
 Metaspace       used 20280K, capacity 21102K, committed 21248K, reserved 1067008K
  class space    used 2771K, capacity 2956K, committed 3072K, reserved 1048576K
Event: 15,445 GC heap after
Heap after GC invocations=2 (full 0):
 PSYoungGen      total 27648K, used 3573K [0x00000000e1980000, 0x00000000e3800000, 0x0000000100000000)
  eden space 24064K, 0% used [0x00000000e1980000,0x00000000e1980000,0x00000000e3100000)
  from space 3584K, 99% used [0x00000000e3480000,0x00000000e37fd480,0x00000000e3800000)
  to   space 3584K, 0% used [0x00000000e3100000,0x00000000e3100000,0x00000000e3480000)
 ParOldGen       total 62976K, used 6241K [0x00000000a4c00000, 0x00000000a8980000, 0x00000000e1980000)
  object space 62976K, 9% used [0x00000000a4c00000,0x00000000a52185d8,0x00000000a8980000)
 Metaspace       used 20280K, capacity 21102K, committed 21248K, reserved 1067008K
  class space    used 2771K, capacity 2956K, committed 3072K, reserved 1048576K
}
Event: 15,576 GC heap before
{Heap before GC invocations=3 (full 0):
 PSYoungGen      total 27648K, used 5276K [0x00000000e1980000, 0x00000000e3800000, 0x0000000100000000)
  eden space 24064K, 7% used [0x00000000e1980000,0x00000000e1b29d68,0x00000000e3100000)
  from space 3584K, 99% used [0x00000000e3480000,0x00000000e37fd480,0x00000000e3800000)
  to   space 3584K, 0% used [0x00000000e3100000,0x00000000e3100000,0x00000000e3480000)
 ParOldGen       total 62976K, used 6241K [0x00000000a4c00000, 0x00000000a8980000, 0x00000000e1980000)
  object space 62976K, 9% used [0x00000000a4c00000,0x00000000a52185d8,0x00000000a8980000)
 Metaspace       used 20328K, capacity 21166K, committed 21504K, reserved 1067008K
  class space    used 2771K, capacity 2956K, committed 3072K, reserved 1048576K
Event: 15,588 GC heap after
Heap after GC invocations=3 (full 0):
 PSYoungGen      total 27648K, used 3557K [0x00000000e1980000, 0x00000000e4f80000, 0x0000000100000000)
  eden space 24064K, 0% used [0x00000000e1980000,0x00000000e1980000,0x00000000e3100000)
  from space 3584K, 99% used [0x00000000e3100000,0x00000000e3479470,0x00000000e3480000)
  to   space 3584K, 0% used [0x00000000e4c00000,0x00000000e4c00000,0x00000000e4f80000)
 ParOldGen       total 62976K, used 6321K [0x00000000a4c00000, 0x00000000a8980000, 0x00000000e1980000)
  object space 62976K, 10% used [0x00000000a4c00000,0x00000000a522c5d8,0x00000000a8980000)
 Metaspace       used 20328K, capacity 21166K, committed 21504K, reserved 1067008K
  class space    used 2771K, capacity 2956K, committed 3072K, reserved 1048576K
}
Event: 17,785 GC heap before
{Heap before GC invocations=4 (full 0):
 PSYoungGen      total 27648K, used 8649K [0x00000000e1980000, 0x00000000e4f80000, 0x0000000100000000)
  eden space 24064K, 21% used [0x00000000e1980000,0x00000000e1e78f90,0x00000000e3100000)
  from space 3584K, 99% used [0x00000000e3100000,0x00000000e3479470,0x00000000e3480000)
  to   space 3584K, 0% used [0x00000000e4c00000,0x00000000e4c00000,0x00000000e4f80000)
 ParOldGen       total 62976K, used 6321K [0x00000000a4c00000, 0x00000000a8980000, 0x00000000e1980000)
  object space 62976K, 10% used [0x00000000a4c00000,0x00000000a522c5d8,0x00000000a8980000)
 Metaspace       used 20633K, capacity 21456K, committed 21628K, reserved 1069056K
  class space    used 2781K, capacity 2967K, committed 3072K, reserved 1048576K
Event: 17,806 GC heap after
Heap after GC invocations=4 (full 0):
 PSYoungGen      total 51712K, used 3565K [0x00000000e1980000, 0x00000000e4f80000, 0x0000000100000000)
  eden space 48128K, 0% used [0x00000000e1980000,0x00000000e1980000,0x00000000e4880000)
  from space 3584K, 99% used [0x00000000e4c00000,0x00000000e4f7b490,0x00000000e4f80000)
  to   space 3584K, 0% used [0x00000000e4880000,0x00000000e4880000,0x00000000e4c00000)
 ParOldGen       total 62976K, used 6337K [0x00000000a4c00000, 0x00000000a8980000, 0x00000000e1980000)
  object space 62976K, 10% used [0x00000000a4c00000,0x00000000a52305d8,0x00000000a8980000)
 Metaspace       used 20633K, capacity 21456K, committed 21628K, reserved 1069056K
  class space    used 2781K, capacity 2967K, committed 3072K, reserved 1048576K
}
Event: 17,806 GC heap before
{Heap before GC invocations=5 (full 1):
 PSYoungGen      total 51712K, used 3565K [0x00000000e1980000, 0x00000000e4f80000, 0x0000000100000000)
  eden space 48128K, 0% used [0x00000000e1980000,0x00000000e1980000,0x00000000e4880000)
  from space 3584K, 99% used [0x00000000e4c00000,0x00000000e4f7b490,0x00000000e4f80000)
  to   space 3584K, 0% used [0x00000000e4880000,0x00000000e4880000,0x00000000e4c00000)
 ParOldGen       total 62976K, used 6337K [0x00000000a4c00000, 0x00000000a8980000, 0x00000000e1980000)
  object space 62976K, 10% used [0x00000000a4c00000,0x00000000a52305d8,0x00000000a8980000)
 Metaspace       used 20633K, capacity 21456K, committed 21628K, reserved 1069056K
  class space    used 2781K, capacity 2967K, committed 3072K, reserved 1048576K
Event: 17,867 GC heap after
Heap after GC invocations=5 (full 1):
 PSYoungGen      total 51712K, used 0K [0x00000000e1980000, 0x00000000e4f80000, 0x0000000100000000)
  eden space 48128K, 0% used [0x00000000e1980000,0x00000000e1980000,0x00000000e4880000)
  from space 3584K, 0% used [0x00000000e4c00000,0x00000000e4c00000,0x00000000e4f80000)
  to   space 3584K, 0% used [0x00000000e4880000,0x00000000e4880000,0x00000000e4c00000)
 ParOldGen       total 41472K, used 8902K [0x00000000a4c00000, 0x00000000a7480000, 0x00000000e1980000)
  object space 41472K, 21% used [0x00000000a4c00000,0x00000000a54b19f8,0x00000000a7480000)
 Metaspace       used 20633K, capacity 21456K, committed 21628K, reserved 1069056K
  class space    used 2781K, capacity 2967K, committed 3072K, reserved 1048576K
}
Event: 28,049 GC heap before
{Heap before GC invocations=6 (full 1):
 PSYoungGen      total 51712K, used 47669K [0x00000000e1980000, 0x00000000e4f80000, 0x0000000100000000)
  eden space 48128K, 99% used [0x00000000e1980000,0x00000000e480d708,0x00000000e4880000)
  from space 3584K, 0% used [0x00000000e4c00000,0x00000000e4c00000,0x00000000e4f80000)
  to   space 3584K, 0% used [0x00000000e4880000,0x00000000e4880000,0x00000000e4c00000)
 ParOldGen       total 41472K, used 8902K [0x00000000a4c00000, 0x00000000a7480000, 0x00000000e1980000)
  object space 41472K, 21% used [0x00000000a4c00000,0x00000000a54b19f8,0x00000000a7480000)
 Metaspace       used 21119K, capacity 21916K, committed 22140K, reserved 1069056K
  class space    used 2783K, capacity 2967K, committed 3072K, reserved 1048576K
Event: 28,055 GC heap after
Heap after GC invocations=6 (full 1):
 PSYoungGen      total 51712K, used 2497K [0x00000000e1980000, 0x00000000e8280000, 0x0000000100000000)
  eden space 48128K, 0% used [0x00000000e1980000,0x00000000e1980000,0x00000000e4880000)
  from space 3584K, 69% used [0x00000000e4880000,0x00000000e4af07f8,0x00000000e4c00000)
  to   space 9216K, 0% used [0x00000000e7980000,0x00000000e7980000,0x00000000e8280000)
 ParOldGen       total 41472K, used 8910K [0x00000000a4c00000, 0x00000000a7480000, 0x00000000e1980000)
  object space 41472K, 21% used [0x00000000a4c00000,0x00000000a54b39f8,0x00000000a7480000)
 Metaspace       used 21119K, capacity 21916K, committed 22140K, reserved 1069056K
  class space    used 2783K, capacity 2967K, committed 3072K, reserved 1048576K
}

