# JRE version: Java(TM) SE Runtime Environment (8.0_77-b03) (build 1.8.0_77-b03)
# Java VM: Java HotSpot(TM) 64-Bit Server VM (25.77-b03 mixed mode linux-amd64 compressed oops)
Heap:
 PSYoungGen      total 27648K, used 24064K [0x00000000e1980000, 0x00000000e4f80000, 0x0000000100000000)
  eden space 24064K, 100% used [0x00000000e1980000,0x00000000e3100000,0x00000000e3100000)
  from space 3584K, 0% used [0x00000000e3100000,0x00000000e3100000,0x00000000e3480000)
  to   space 3584K, 0% used [0x00000000e4c00000,0x00000000e4c00000,0x00000000e4f80000)
 ParOldGen       total 42496K, used 8922K [0x00000000a4c00000, 0x00000000a7580000, 0x00000000e1980000)
  object space 42496K, 20% used [0x00000000a4c00000,0x00000000a54b6ac0,0x00000000a7580000)
 Metaspace       used 22294K, capacity 23454K, committed 23552K, reserved 1069056K
  class space    used 3123K, capacity 3318K, committed 3328K, reserved 1048576K
GC Heap History (8 events):
Event: 1,331 GC heap before
{Heap before GC invocations=1 (full 0):
 PSYoungGen      total 27648K, used 24064K [0x00000000e1980000, 0x00000000e3800000, 0x0000000100000000)
  eden space 24064K, 100% used [0x00000000e1980000,0x00000000e3100000,0x00000000e3100000)
  from space 3584K, 0% used [0x00000000e3480000,0x00000000e3480000,0x00000000e3800000)
  to   space 3584K, 0% used [0x00000000e3100000,0x00000000e3100000,0x00000000e3480000)
 ParOldGen       total 62976K, used 0K [0x00000000a4c00000, 0x00000000a8980000, 0x00000000e1980000)
  object space 62976K, 0% used [0x00000000a4c00000,0x00000000a4c00000,0x00000000a8980000)
 Metaspace       used 12792K, capacity 13306K, committed 13568K, reserved 1060864K
  class space    used 1808K, capacity 1926K, committed 2048K, reserved 1048576K
Event: 1,339 GC heap after
Heap after GC invocations=1 (full 0):
 PSYoungGen      total 27648K, used 3568K [0x00000000e1980000, 0x00000000e3800000, 0x0000000100000000)
  eden space 24064K, 0% used [0x00000000e1980000,0x00000000e1980000,0x00000000e3100000)
  from space 3584K, 99% used [0x00000000e3100000,0x00000000e347c030,0x00000000e3480000)
  to   space 3584K, 0% used [0x00000000e3480000,0x00000000e3480000,0x00000000e3800000)
 ParOldGen       total 62976K, used 523K [0x00000000a4c00000, 0x00000000a8980000, 0x00000000e1980000)
  object space 62976K, 0% used [0x00000000a4c00000,0x00000000a4c82cb0,0x00000000a8980000)
 Metaspace       used 12792K, capacity 13306K, committed 13568K, reserved 1060864K
  class space    used 1808K, capacity 1926K, committed 2048K, reserved 1048576K
}
Event: 11,241 GC heap before
{Heap before GC invocations=2 (full 0):
 PSYoungGen      total 27648K, used 27632K [0x00000000e1980000, 0x00000000e3800000, 0x0000000100000000)
  eden space 24064K, 100% used [0x00000000e1980000,0x00000000e3100000,0x00000000e3100000)
  from space 3584K, 99% used [0x00000000e3100000,0x00000000e347c030,0x00000000e3480000)
  to   space 3584K, 0% used [0x00000000e3480000,0x00000000e3480000,0x00000000e3800000)
 ParOldGen       total 62976K, used 523K [0x00000000a4c00000, 0x00000000a8980000, 0x00000000e1980000)
  object space 62976K, 0% used [0x00000000a4c00000,0x00000000a4c82cb0,0x00000000a8980000)
 Metaspace       used 19201K, capacity 20356K, committed 20480K, reserved 1067008K
  class space    used 2840K, capacity 3053K, committed 3072K, reserved 1048576K
Event: 11,264 GC heap after
Heap after GC invocations=2 (full 0):
 PSYoungGen      total 27648K, used 3560K [0x00000000e1980000, 0x00000000e3800000, 0x0000000100000000)
  eden space 24064K, 0% used [0x00000000e1980000,0x00000000e1980000,0x00000000e3100000)
  from space 3584K, 99% used [0x00000000e3480000,0x00000000e37fa040,0x00000000e3800000)
  to   space 3584K, 0% used [0x00000000e3100000,0x00000000e3100000,0x00000000e3480000)
 ParOldGen       total 62976K, used 5104K [0x00000000a4c00000, 0x00000000a8980000, 0x00000000e1980000)
  object space 62976K, 8% used [0x00000000a4c00000,0x00000000a50fc350,0x00000000a8980000)
 Metaspace       used 19201K, capacity 20356K, committed 20480K, reserved 1067008K
  class space    used 2840K, capacity 3053K, committed 3072K, reserved 1048576K
}
Event: 11,324 GC heap before
{Heap before GC invocations=3 (full 0):
 PSYoungGen      total 27648K, used 6395K [0x00000000e1980000, 0x00000000e3800000, 0x0000000100000000)
  eden space 24064K, 11% used [0x00000000e1980000,0x00000000e1c44ea0,0x00000000e3100000)
  from space 3584K, 99% used [0x00000000e3480000,0x00000000e37fa040,0x00000000e3800000)
  to   space 3584K, 0% used [0x00000000e3100000,0x00000000e3100000,0x00000000e3480000)
 ParOldGen       total 62976K, used 5104K [0x00000000a4c00000, 0x00000000a8980000, 0x00000000e1980000)
  object space 62976K, 8% used [0x00000000a4c00000,0x00000000a50fc350,0x00000000a8980000)
 Metaspace       used 20083K, capacity 21192K, committed 21296K, reserved 1067008K
  class space    used 2902K, capacity 3121K, committed 3200K, reserved 1048576K
Event: 11,332 GC heap after
Heap after GC invocations=3 (full 0):
 PSYoungGen      total 27648K, used 3170K [0x00000000e1980000, 0x00000000e4f80000, 0x0000000100000000)
  eden space 24064K, 0% used [0x00000000e1980000,0x00000000e1980000,0x00000000e3100000)
  from space 3584K, 88% used [0x00000000e3100000,0x00000000e3418a60,0x00000000e3480000)
  to   space 3584K, 0% used [0x00000000e4c00000,0x00000000e4c00000,0x00000000e4f80000)
 ParOldGen       total 62976K, used 6128K [0x00000000a4c00000, 0x00000000a8980000, 0x00000000e1980000)
  object space 62976K, 9% used [0x00000000a4c00000,0x00000000a51fc360,0x00000000a8980000)
 Metaspace       used 20083K, capacity 21192K, committed 21296K, reserved 1067008K
  class space    used 2902K, capacity 3121K, committed 3200K, reserved 1048576K
}
Event: 11,332 GC heap before
{Heap before GC invocations=4 (full 1):
 PSYoungGen      total 27648K, used 3170K [0x00000000e1980000, 0x00000000e4f80000, 0x0000000100000000)
  eden space 24064K, 0% used [0x00000000e1980000,0x00000000e1980000,0x00000000e3100000)
  from space 3584K, 88% used [0x00000000e3100000,0x00000000e3418a60,0x00000000e3480000)
  to   space 3584K, 0% used [0x00000000e4c00000,0x00000000e4c00000,0x00000000e4f80000)
 ParOldGen       total 62976K, used 6128K [0x00000000a4c00000, 0x00000000a8980000, 0x00000000e1980000)
  object space 62976K, 9% used [0x00000000a4c00000,0x00000000a51fc360,0x00000000a8980000)
 Metaspace       used 20083K, capacity 21192K, committed 21296K, reserved 1067008K
  class space    used 2902K, capacity 3121K, committed 3200K, reserved 1048576K
Event: 11,415 GC heap after
Heap after GC invocations=4 (full 1):
 PSYoungGen      total 27648K, used 0K [0x00000000e1980000, 0x00000000e4f80000, 0x0000000100000000)
  eden space 24064K, 0% used [0x00000000e1980000,0x00000000e1980000,0x00000000e3100000)
  from space 3584K, 0% used [0x00000000e3100000,0x00000000e3100000,0x00000000e3480000)
  to   space 3584K, 0% used [0x00000000e4c00000,0x00000000e4c00000,0x00000000e4f80000)
 ParOldGen       total 42496K, used 8922K [0x00000000a4c00000, 0x00000000a7580000, 0x00000000e1980000)
  object space 42496K, 20% used [0x00000000a4c00000,0x00000000a54b6ac0,0x00000000a7580000)
 Metaspace       used 20083K, capacity 21192K, committed 21296K, reserved 1067008K
  class space    used 2902K, capacity 3121K, committed 3200K, reserved 1048576K
}

