# JRE version: Java(TM) SE Runtime Environment (8.0_77-b03) (build 1.8.0_77-b03)
# Java VM: Java HotSpot(TM) 64-Bit Server VM (25.77-b03 mixed mode linux-amd64 compressed oops)
Heap:
 PSYoungGen      total 27648K, used 4904K [0x00000000e1980000, 0x00000000e3800000, 0x0000000100000000)
  eden space 24064K, 5% used [0x00000000e1980000,0x00000000e1acb8c0,0x00000000e3100000)
  from space 3584K, 99% used [0x00000000e3480000,0x00000000e37fe850,0x00000000e3800000)
  to   space 3584K, 0% used [0x00000000e3100000,0x00000000e3100000,0x00000000e3480000)
 ParOldGen       total 62976K, used 5234K [0x00000000a4c00000, 0x00000000a8980000, 0x00000000e1980000)
  object space 62976K, 8% used [0x00000000a4c00000,0x00000000a511cbd8,0x00000000a8980000)
 Metaspace       used 19121K, capacity 20288K, committed 20480K, reserved 1067008K
  class space    used 2822K, capacity 3031K, committed 3072K, reserved 1048576K
GC Heap History (4 events):
Event: 1,336 GC heap before
{Heap before GC invocations=1 (full 0):
 PSYoungGen      total 27648K, used 24064K [0x00000000e1980000, 0x00000000e3800000, 0x0000000100000000)
  eden space 24064K, 100% used [0x00000000e1980000,0x00000000e3100000,0x00000000e3100000)
  from space 3584K, 0% used [0x00000000e3480000,0x00000000e3480000,0x00000000e3800000)
  to   space 3584K, 0% used [0x00000000e3100000,0x00000000e3100000,0x00000000e3480000)
 ParOldGen       total 62976K, used 0K [0x00000000a4c00000, 0x00000000a8980000, 0x00000000e1980000)
  object space 62976K, 0% used [0x00000000a4c00000,0x00000000a4c00000,0x00000000a8980000)
 Metaspace       used 12641K, capacity 13160K, committed 13184K, reserved 1060864K
  class space    used 1762K, capacity 1897K, committed 1920K, reserved 1048576K
Event: 1,348 GC heap after
Heap after GC invocations=1 (full 0):
 PSYoungGen      total 27648K, used 3568K [0x00000000e1980000, 0x00000000e3800000, 0x0000000100000000)
  eden space 24064K, 0% used [0x00000000e1980000,0x00000000e1980000,0x00000000e3100000)
  from space 3584K, 99% used [0x00000000e3100000,0x00000000e347c030,0x00000000e3480000)
  to   space 3584K, 0% used [0x00000000e3480000,0x00000000e3480000,0x00000000e3800000)
 ParOldGen       total 62976K, used 523K [0x00000000a4c00000, 0x00000000a8980000, 0x00000000e1980000)
  object space 62976K, 0% used [0x00000000a4c00000,0x00000000a4c82cb0,0x00000000a8980000)
 Metaspace       used 12641K, capacity 13160K, committed 13184K, reserved 1060864K
  class space    used 1762K, capacity 1897K, committed 1920K, reserved 1048576K
}
Event: 3,095 GC heap before
{Heap before GC invocations=2 (full 0):
 PSYoungGen      total 27648K, used 27632K [0x00000000e1980000, 0x00000000e3800000, 0x0000000100000000)
  eden space 24064K, 100% used [0x00000000e1980000,0x00000000e3100000,0x00000000e3100000)
  from space 3584K, 99% used [0x00000000e3100000,0x00000000e347c030,0x00000000e3480000)
  to   space 3584K, 0% used [0x00000000e3480000,0x00000000e3480000,0x00000000e3800000)
 ParOldGen       total 62976K, used 523K [0x00000000a4c00000, 0x00000000a8980000, 0x00000000e1980000)
  object space 62976K, 0% used [0x00000000a4c00000,0x00000000a4c82cb0,0x00000000a8980000)
 Metaspace       used 18730K, capacity 19896K, committed 20224K, reserved 1067008K
  class space    used 2816K, capacity 3031K, committed 3072K, reserved 1048576K
Event: 3,112 GC heap after
Heap after GC invocations=2 (full 0):
 PSYoungGen      total 27648K, used 3578K [0x00000000e1980000, 0x00000000e3800000, 0x0000000100000000)
  eden space 24064K, 0% used [0x00000000e1980000,0x00000000e1980000,0x00000000e3100000)
  from space 3584K, 99% used [0x00000000e3480000,0x00000000e37fe850,0x00000000e3800000)
  to   space 3584K, 0% used [0x00000000e3100000,0x00000000e3100000,0x00000000e3480000)
 ParOldGen       total 62976K, used 5234K [0x00000000a4c00000, 0x00000000a8980000, 0x00000000e1980000)
  object space 62976K, 8% used [0x00000000a4c00000,0x00000000a511cbd8,0x00000000a8980000)
 Metaspace       used 18730K, capacity 19896K, committed 20224K, reserved 1067008K
  class space    used 2816K, capacity 3031K, committed 3072K, reserved 1048576K
}

